{"C:\\Users\\ID145\\OneDrive\\Documentos\\GitHub\\ItsonMarket\\models\\Transaccion.js": {"path":"C:\\Users\\ID145\\OneDrive\\Documentos\\GitHub\\ItsonMarket\\models\\Transaccion.js","statementMap":{"0":{"start":{"line":1,"column":17},"end":{"line":1,"column":36}},"1":{"start":{"line":3,"column":27},"end":{"line":7,"column":2}},"2":{"start":{"line":9,"column":20},"end":{"line":21,"column":2}},"3":{"start":{"line":23,"column":25},"end":{"line":23,"column":67}},"4":{"start":{"line":24,"column":0},"end":{"line":24,"column":38}}},"fnMap":{},"branchMap":{},"s":{"0":2,"1":2,"2":2,"3":2,"4":2},"f":{},"b":{},"_coverageSchema":"1a1c01bbd47fc00a2c39e90264f33305004495a9","hash":"32542cddff786ea2fe36fe15bf572b4afe137721"}
,"C:\\Users\\ID145\\OneDrive\\Documentos\\GitHub\\ItsonMarket\\repositories\\TransaccionRepository.js": {"path":"C:\\Users\\ID145\\OneDrive\\Documentos\\GitHub\\ItsonMarket\\repositories\\TransaccionRepository.js","statementMap":{"0":{"start":{"line":1,"column":29},"end":{"line":1,"column":61}},"1":{"start":{"line":6,"column":29},"end":{"line":6,"column":66}},"2":{"start":{"line":7,"column":4},"end":{"line":7,"column":35}},"3":{"start":{"line":11,"column":2},"end":{"line":11,"column":39}},"4":{"start":{"line":15,"column":4},"end":{"line":15,"column":41}},"5":{"start":{"line":19,"column":4},"end":{"line":19,"column":51}},"6":{"start":{"line":23,"column":4},"end":{"line":23,"column":50}},"7":{"start":{"line":27,"column":4},"end":{"line":27,"column":77}},"8":{"start":{"line":31,"column":4},"end":{"line":31,"column":50}},"9":{"start":{"line":35,"column":0},"end":{"line":35,"column":39}}},"fnMap":{"0":{"name":"(anonymous_0)","decl":{"start":{"line":5,"column":2},"end":{"line":5,"column":3}},"loc":{"start":{"line":5,"column":32},"end":{"line":8,"column":3}},"line":5},"1":{"name":"(anonymous_1)","decl":{"start":{"line":10,"column":2},"end":{"line":10,"column":3}},"loc":{"start":{"line":10,"column":29},"end":{"line":12,"column":1}},"line":10},"2":{"name":"(anonymous_2)","decl":{"start":{"line":14,"column":2},"end":{"line":14,"column":3}},"loc":{"start":{"line":14,"column":21},"end":{"line":16,"column":3}},"line":14},"3":{"name":"(anonymous_3)","decl":{"start":{"line":18,"column":2},"end":{"line":18,"column":3}},"loc":{"start":{"line":18,"column":38},"end":{"line":20,"column":3}},"line":18},"4":{"name":"(anonymous_4)","decl":{"start":{"line":22,"column":2},"end":{"line":22,"column":3}},"loc":{"start":{"line":22,"column":36},"end":{"line":24,"column":3}},"line":22},"5":{"name":"(anonymous_5)","decl":{"start":{"line":26,"column":2},"end":{"line":26,"column":3}},"loc":{"start":{"line":26,"column":31},"end":{"line":28,"column":3}},"line":26},"6":{"name":"(anonymous_6)","decl":{"start":{"line":30,"column":2},"end":{"line":30,"column":3}},"loc":{"start":{"line":30,"column":19},"end":{"line":32,"column":3}},"line":30}},"branchMap":{"0":{"loc":{"start":{"line":10,"column":16},"end":{"line":10,"column":27}},"type":"default-arg","locations":[{"start":{"line":10,"column":25},"end":{"line":10,"column":27}}],"line":10}},"s":{"0":2,"1":6,"2":6,"3":5,"4":5,"5":0,"6":0,"7":3,"8":2,"9":2},"f":{"0":6,"1":5,"2":5,"3":0,"4":0,"5":3,"6":2},"b":{"0":[0]},"_coverageSchema":"1a1c01bbd47fc00a2c39e90264f33305004495a9","hash":"42070e9f111000804372931954e798af88ae82f2"}
,"C:\\Users\\ID145\\OneDrive\\Documentos\\GitHub\\ItsonMarket\\services\\TransaccionService.js": {"path":"C:\\Users\\ID145\\OneDrive\\Documentos\\GitHub\\ItsonMarket\\services\\TransaccionService.js","statementMap":{"0":{"start":{"line":1,"column":17},"end":{"line":1,"column":36}},"1":{"start":{"line":2,"column":30},"end":{"line":2,"column":78}},"2":{"start":{"line":4,"column":16},"end":{"line":4,"column":56}},"3":{"start":{"line":5,"column":14},"end":{"line":5,"column":38}},"4":{"start":{"line":9,"column":4},"end":{"line":9,"column":44}},"5":{"start":{"line":13,"column":4},"end":{"line":13,"column":46}},"6":{"start":{"line":17,"column":4},"end":{"line":30,"column":5}},"7":{"start":{"line":18,"column":6},"end":{"line":20,"column":7}},"8":{"start":{"line":19,"column":8},"end":{"line":19,"column":87}},"9":{"start":{"line":21,"column":6},"end":{"line":23,"column":7}},"10":{"start":{"line":22,"column":8},"end":{"line":22,"column":41}},"11":{"start":{"line":24,"column":6},"end":{"line":26,"column":7}},"12":{"start":{"line":25,"column":8},"end":{"line":25,"column":75}},"13":{"start":{"line":27,"column":6},"end":{"line":29,"column":7}},"14":{"start":{"line":28,"column":8},"end":{"line":28,"column":56}},"15":{"start":{"line":31,"column":4},"end":{"line":33,"column":5}},"16":{"start":{"line":32,"column":6},"end":{"line":32,"column":65}},"17":{"start":{"line":35,"column":23},"end":{"line":40,"column":5}},"18":{"start":{"line":36,"column":6},"end":{"line":36,"column":21}},"19":{"start":{"line":36,"column":14},"end":{"line":36,"column":21}},"20":{"start":{"line":37,"column":6},"end":{"line":39,"column":7}},"21":{"start":{"line":38,"column":8},"end":{"line":38,"column":61}},"22":{"start":{"line":41,"column":4},"end":{"line":44,"column":5}},"23":{"start":{"line":42,"column":6},"end":{"line":42,"column":59}},"24":{"start":{"line":43,"column":6},"end":{"line":43,"column":59}},"25":{"start":{"line":48,"column":4},"end":{"line":48,"column":32}},"26":{"start":{"line":49,"column":4},"end":{"line":51,"column":5}},"27":{"start":{"line":50,"column":6},"end":{"line":50,"column":83}},"28":{"start":{"line":52,"column":4},"end":{"line":52,"column":45}},"29":{"start":{"line":53,"column":4},"end":{"line":53,"column":66}},"30":{"start":{"line":54,"column":4},"end":{"line":54,"column":34}},"31":{"start":{"line":58,"column":14},"end":{"line":58,"column":16}},"32":{"start":{"line":59,"column":4},"end":{"line":59,"column":107}},"33":{"start":{"line":59,"column":70},"end":{"line":59,"column":107}},"34":{"start":{"line":60,"column":4},"end":{"line":60,"column":103}},"35":{"start":{"line":60,"column":68},"end":{"line":60,"column":103}},"36":{"start":{"line":61,"column":4},"end":{"line":61,"column":83}},"37":{"start":{"line":61,"column":58},"end":{"line":61,"column":83}},"38":{"start":{"line":62,"column":4},"end":{"line":62,"column":32}},"39":{"start":{"line":66,"column":4},"end":{"line":66,"column":62}},"40":{"start":{"line":66,"column":31},"end":{"line":66,"column":62}},"41":{"start":{"line":67,"column":4},"end":{"line":67,"column":34}},"42":{"start":{"line":71,"column":4},"end":{"line":71,"column":62}},"43":{"start":{"line":71,"column":31},"end":{"line":71,"column":62}},"44":{"start":{"line":72,"column":4},"end":{"line":72,"column":52}},"45":{"start":{"line":74,"column":4},"end":{"line":80,"column":5}},"46":{"start":{"line":75,"column":21},"end":{"line":75,"column":49}},"47":{"start":{"line":76,"column":6},"end":{"line":76,"column":31}},"48":{"start":{"line":76,"column":19},"end":{"line":76,"column":31}},"49":{"start":{"line":77,"column":6},"end":{"line":79,"column":7}},"50":{"start":{"line":78,"column":8},"end":{"line":78,"column":71}},"51":{"start":{"line":81,"column":4},"end":{"line":81,"column":38}},"52":{"start":{"line":85,"column":4},"end":{"line":85,"column":62}},"53":{"start":{"line":85,"column":31},"end":{"line":85,"column":62}},"54":{"start":{"line":86,"column":4},"end":{"line":86,"column":32}},"55":{"start":{"line":90,"column":0},"end":{"line":90,"column":36}}},"fnMap":{"0":{"name":"(anonymous_0)","decl":{"start":{"line":8,"column":2},"end":{"line":8,"column":3}},"loc":{"start":{"line":8,"column":16},"end":{"line":10,"column":3}},"line":8},"1":{"name":"(anonymous_1)","decl":{"start":{"line":35,"column":23},"end":{"line":35,"column":24}},"loc":{"start":{"line":35,"column":30},"end":{"line":40,"column":5}},"line":35},"2":{"name":"(anonymous_2)","decl":{"start":{"line":47,"column":2},"end":{"line":47,"column":3}},"loc":{"start":{"line":47,"column":20},"end":{"line":55,"column":3}},"line":47},"3":{"name":"(anonymous_3)","decl":{"start":{"line":57,"column":2},"end":{"line":57,"column":3}},"loc":{"start":{"line":57,"column":28},"end":{"line":63,"column":3}},"line":57},"4":{"name":"(anonymous_4)","decl":{"start":{"line":65,"column":2},"end":{"line":65,"column":3}},"loc":{"start":{"line":65,"column":25},"end":{"line":68,"column":3}},"line":65},"5":{"name":"(anonymous_5)","decl":{"start":{"line":70,"column":2},"end":{"line":70,"column":3}},"loc":{"start":{"line":70,"column":29},"end":{"line":82,"column":3}},"line":70},"6":{"name":"(anonymous_6)","decl":{"start":{"line":84,"column":2},"end":{"line":84,"column":3}},"loc":{"start":{"line":84,"column":21},"end":{"line":87,"column":3}},"line":84}},"branchMap":{"0":{"loc":{"start":{"line":16,"column":25},"end":{"line":16,"column":50}},"type":"default-arg","locations":[{"start":{"line":16,"column":48},"end":{"line":16,"column":50}}],"line":16},"1":{"loc":{"start":{"line":16,"column":27},"end":{"line":16,"column":43}},"type":"default-arg","locations":[{"start":{"line":16,"column":38},"end":{"line":16,"column":43}}],"line":16},"2":{"loc":{"start":{"line":17,"column":4},"end":{"line":30,"column":5}},"type":"if","locations":[{"start":{"line":17,"column":4},"end":{"line":30,"column":5}},{"start":{},"end":{}}],"line":17},"3":{"loc":{"start":{"line":18,"column":6},"end":{"line":20,"column":7}},"type":"if","locations":[{"start":{"line":18,"column":6},"end":{"line":20,"column":7}},{"start":{},"end":{}}],"line":18},"4":{"loc":{"start":{"line":18,"column":10},"end":{"line":18,"column":73}},"type":"binary-expr","locations":[{"start":{"line":18,"column":10},"end":{"line":18,"column":28}},{"start":{"line":18,"column":32},"end":{"line":18,"column":49}},{"start":{"line":18,"column":53},"end":{"line":18,"column":73}}],"line":18},"5":{"loc":{"start":{"line":21,"column":6},"end":{"line":23,"column":7}},"type":"if","locations":[{"start":{"line":21,"column":6},"end":{"line":23,"column":7}},{"start":{},"end":{}}],"line":21},"6":{"loc":{"start":{"line":24,"column":6},"end":{"line":26,"column":7}},"type":"if","locations":[{"start":{"line":24,"column":6},"end":{"line":26,"column":7}},{"start":{},"end":{}}],"line":24},"7":{"loc":{"start":{"line":24,"column":10},"end":{"line":24,"column":74}},"type":"binary-expr","locations":[{"start":{"line":24,"column":10},"end":{"line":24,"column":32}},{"start":{"line":24,"column":36},"end":{"line":24,"column":74}}],"line":24},"8":{"loc":{"start":{"line":27,"column":6},"end":{"line":29,"column":7}},"type":"if","locations":[{"start":{"line":27,"column":6},"end":{"line":29,"column":7}},{"start":{},"end":{}}],"line":27},"9":{"loc":{"start":{"line":27,"column":10},"end":{"line":27,"column":59}},"type":"binary-expr","locations":[{"start":{"line":27,"column":10},"end":{"line":27,"column":40}},{"start":{"line":27,"column":44},"end":{"line":27,"column":59}}],"line":27},"10":{"loc":{"start":{"line":31,"column":4},"end":{"line":33,"column":5}},"type":"if","locations":[{"start":{"line":31,"column":4},"end":{"line":33,"column":5}},{"start":{},"end":{}}],"line":31},"11":{"loc":{"start":{"line":31,"column":8},"end":{"line":31,"column":53}},"type":"binary-expr","locations":[{"start":{"line":31,"column":8},"end":{"line":31,"column":19}},{"start":{"line":31,"column":23},"end":{"line":31,"column":53}}],"line":31},"12":{"loc":{"start":{"line":36,"column":6},"end":{"line":36,"column":21}},"type":"if","locations":[{"start":{"line":36,"column":6},"end":{"line":36,"column":21}},{"start":{},"end":{}}],"line":36},"13":{"loc":{"start":{"line":37,"column":6},"end":{"line":39,"column":7}},"type":"if","locations":[{"start":{"line":37,"column":6},"end":{"line":39,"column":7}},{"start":{},"end":{}}],"line":37},"14":{"loc":{"start":{"line":37,"column":10},"end":{"line":37,"column":82}},"type":"binary-expr","locations":[{"start":{"line":37,"column":10},"end":{"line":37,"column":42}},{"start":{"line":37,"column":46},"end":{"line":37,"column":62}},{"start":{"line":37,"column":66},"end":{"line":37,"column":82}}],"line":37},"15":{"loc":{"start":{"line":41,"column":4},"end":{"line":44,"column":5}},"type":"if","locations":[{"start":{"line":41,"column":4},"end":{"line":44,"column":5}},{"start":{},"end":{}}],"line":41},"16":{"loc":{"start":{"line":49,"column":4},"end":{"line":51,"column":5}},"type":"if","locations":[{"start":{"line":49,"column":4},"end":{"line":51,"column":5}},{"start":{},"end":{}}],"line":49},"17":{"loc":{"start":{"line":52,"column":18},"end":{"line":52,"column":44}},"type":"binary-expr","locations":[{"start":{"line":52,"column":18},"end":{"line":52,"column":29}},{"start":{"line":52,"column":33},"end":{"line":52,"column":44}}],"line":52},"18":{"loc":{"start":{"line":53,"column":29},"end":{"line":53,"column":65}},"type":"binary-expr","locations":[{"start":{"line":53,"column":29},"end":{"line":53,"column":51}},{"start":{"line":53,"column":55},"end":{"line":53,"column":65}}],"line":53},"19":{"loc":{"start":{"line":57,"column":15},"end":{"line":57,"column":26}},"type":"default-arg","locations":[{"start":{"line":57,"column":24},"end":{"line":57,"column":26}}],"line":57},"20":{"loc":{"start":{"line":59,"column":4},"end":{"line":59,"column":107}},"type":"if","locations":[{"start":{"line":59,"column":4},"end":{"line":59,"column":107}},{"start":{},"end":{}}],"line":59},"21":{"loc":{"start":{"line":59,"column":8},"end":{"line":59,"column":68}},"type":"binary-expr","locations":[{"start":{"line":59,"column":8},"end":{"line":59,"column":27}},{"start":{"line":59,"column":31},"end":{"line":59,"column":68}}],"line":59},"22":{"loc":{"start":{"line":60,"column":4},"end":{"line":60,"column":103}},"type":"if","locations":[{"start":{"line":60,"column":4},"end":{"line":60,"column":103}},{"start":{},"end":{}}],"line":60},"23":{"loc":{"start":{"line":60,"column":8},"end":{"line":60,"column":66}},"type":"binary-expr","locations":[{"start":{"line":60,"column":8},"end":{"line":60,"column":26}},{"start":{"line":60,"column":30},"end":{"line":60,"column":66}}],"line":60},"24":{"loc":{"start":{"line":61,"column":4},"end":{"line":61,"column":83}},"type":"if","locations":[{"start":{"line":61,"column":4},"end":{"line":61,"column":83}},{"start":{},"end":{}}],"line":61},"25":{"loc":{"start":{"line":61,"column":8},"end":{"line":61,"column":56}},"type":"binary-expr","locations":[{"start":{"line":61,"column":8},"end":{"line":61,"column":21}},{"start":{"line":61,"column":25},"end":{"line":61,"column":56}}],"line":61},"26":{"loc":{"start":{"line":66,"column":4},"end":{"line":66,"column":62}},"type":"if","locations":[{"start":{"line":66,"column":4},"end":{"line":66,"column":62}},{"start":{},"end":{}}],"line":66},"27":{"loc":{"start":{"line":71,"column":4},"end":{"line":71,"column":62}},"type":"if","locations":[{"start":{"line":71,"column":4},"end":{"line":71,"column":62}},{"start":{},"end":{}}],"line":71},"28":{"loc":{"start":{"line":74,"column":4},"end":{"line":80,"column":5}},"type":"if","locations":[{"start":{"line":74,"column":4},"end":{"line":80,"column":5}},{"start":{},"end":{}}],"line":74},"29":{"loc":{"start":{"line":76,"column":6},"end":{"line":76,"column":31}},"type":"if","locations":[{"start":{"line":76,"column":6},"end":{"line":76,"column":31}},{"start":{},"end":{}}],"line":76},"30":{"loc":{"start":{"line":77,"column":6},"end":{"line":79,"column":7}},"type":"if","locations":[{"start":{"line":77,"column":6},"end":{"line":79,"column":7}},{"start":{},"end":{}}],"line":77},"31":{"loc":{"start":{"line":77,"column":10},"end":{"line":77,"column":71}},"type":"binary-expr","locations":[{"start":{"line":77,"column":10},"end":{"line":77,"column":39}},{"start":{"line":77,"column":43},"end":{"line":77,"column":71}}],"line":77},"32":{"loc":{"start":{"line":85,"column":4},"end":{"line":85,"column":62}},"type":"if","locations":[{"start":{"line":85,"column":4},"end":{"line":85,"column":62}},{"start":{},"end":{}}],"line":85}},"s":{"0":1,"1":1,"2":1,"3":1,"4":1,"5":26,"6":9,"7":6,"8":0,"9":6,"10":0,"11":6,"12":0,"13":6,"14":1,"15":8,"16":0,"17":8,"18":0,"19":0,"20":0,"21":0,"22":8,"23":0,"24":0,"25":6,"26":5,"27":1,"28":4,"29":4,"30":4,"31":3,"32":3,"33":1,"34":3,"35":1,"36":3,"37":1,"38":3,"39":2,"40":1,"41":1,"42":3,"43":0,"44":3,"45":3,"46":3,"47":3,"48":0,"49":3,"50":1,"51":2,"52":1,"53":0,"54":1,"55":1},"f":{"0":1,"1":0,"2":6,"3":3,"4":2,"5":3,"6":1},"b":{"0":[6],"1":[6],"2":[6,3],"3":[0,6],"4":[6,6,6],"5":[0,6],"6":[0,6],"7":[6,6],"8":[1,5],"9":[6,6],"10":[0,8],"11":[8,3],"12":[0,0],"13":[0,0],"14":[0,0,0],"15":[0,8],"16":[1,4],"17":[4,4],"18":[4,4],"19":[0],"20":[1,2],"21":[3,1],"22":[1,2],"23":[3,1],"24":[1,2],"25":[3,1],"26":[1,1],"27":[0,3],"28":[3,0],"29":[0,3],"30":[1,2],"31":[3,1],"32":[0,1]},"_coverageSchema":"1a1c01bbd47fc00a2c39e90264f33305004495a9","hash":"992bfeb7d9a2ed40e80264b9986190d1a41b2c49"}
}
