TN:
SF:models\Transaccion.js
FNF:0
FNH:0
DA:1,2
DA:3,2
DA:9,2
DA:23,2
DA:24,2
LF:5
LH:5
BRF:0
BRH:0
end_of_record
TN:
SF:repositories\TransaccionRepository.js
FN:5,(anonymous_0)
FN:10,(anonymous_1)
FN:14,(anonymous_2)
FN:18,(anonymous_3)
FN:22,(anonymous_4)
FN:26,(anonymous_5)
FN:30,(anonymous_6)
FNF:7
FNH:5
FNDA:6,(anonymous_0)
FNDA:5,(anonymous_1)
FNDA:5,(anonymous_2)
FNDA:0,(anonymous_3)
FNDA:0,(anonymous_4)
FNDA:3,(anonymous_5)
FNDA:2,(anonymous_6)
DA:1,2
DA:6,6
DA:7,6
DA:11,5
DA:15,5
DA:19,0
DA:23,0
DA:27,3
DA:31,2
DA:35,2
LF:10
LH:8
BRDA:10,0,0,0
BRF:1
BRH:0
end_of_record
TN:
SF:services\TransaccionService.js
FN:8,(anonymous_0)
FN:35,(anonymous_1)
FN:47,(anonymous_2)
FN:57,(anonymous_3)
FN:65,(anonymous_4)
FN:70,(anonymous_5)
FN:84,(anonymous_6)
FNF:7
FNH:6
FNDA:1,(anonymous_0)
FNDA:0,(anonymous_1)
FNDA:6,(anonymous_2)
FNDA:3,(anonymous_3)
FNDA:2,(anonymous_4)
FNDA:3,(anonymous_5)
FNDA:1,(anonymous_6)
DA:1,1
DA:2,1
DA:4,1
DA:5,1
DA:9,1
DA:13,26
DA:17,9
DA:18,6
DA:19,0
DA:21,6
DA:22,0
DA:24,6
DA:25,0
DA:27,6
DA:28,1
DA:31,8
DA:32,0
DA:35,8
DA:36,0
DA:37,0
DA:38,0
DA:41,8
DA:42,0
DA:43,0
DA:48,6
DA:49,5
DA:50,1
DA:52,4
DA:53,4
DA:54,4
DA:58,3
DA:59,3
DA:60,3
DA:61,3
DA:62,3
DA:66,2
DA:67,1
DA:71,3
DA:72,3
DA:74,3
DA:75,3
DA:76,3
DA:77,3
DA:78,1
DA:81,2
DA:85,1
DA:86,1
DA:90,1
LF:48
LH:39
BRDA:16,0,0,6
BRDA:16,1,0,6
BRDA:17,2,0,6
BRDA:17,2,1,3
BRDA:18,3,0,0
BRDA:18,3,1,6
BRDA:18,4,0,6
BRDA:18,4,1,6
BRDA:18,4,2,6
BRDA:21,5,0,0
BRDA:21,5,1,6
BRDA:24,6,0,0
BRDA:24,6,1,6
BRDA:24,7,0,6
BRDA:24,7,1,6
BRDA:27,8,0,1
BRDA:27,8,1,5
BRDA:27,9,0,6
BRDA:27,9,1,6
BRDA:31,10,0,0
BRDA:31,10,1,8
BRDA:31,11,0,8
BRDA:31,11,1,3
BRDA:36,12,0,0
BRDA:36,12,1,0
BRDA:37,13,0,0
BRDA:37,13,1,0
BRDA:37,14,0,0
BRDA:37,14,1,0
BRDA:37,14,2,0
BRDA:41,15,0,0
BRDA:41,15,1,8
BRDA:49,16,0,1
BRDA:49,16,1,4
BRDA:52,17,0,4
BRDA:52,17,1,4
BRDA:53,18,0,4
BRDA:53,18,1,4
BRDA:57,19,0,0
BRDA:59,20,0,1
BRDA:59,20,1,2
BRDA:59,21,0,3
BRDA:59,21,1,1
BRDA:60,22,0,1
BRDA:60,22,1,2
BRDA:60,23,0,3
BRDA:60,23,1,1
BRDA:61,24,0,1
BRDA:61,24,1,2
BRDA:61,25,0,3
BRDA:61,25,1,1
BRDA:66,26,0,1
BRDA:66,26,1,1
BRDA:71,27,0,0
BRDA:71,27,1,3
BRDA:74,28,0,3
BRDA:74,28,1,0
BRDA:76,29,0,0
BRDA:76,29,1,3
BRDA:77,30,0,1
BRDA:77,30,1,2
BRDA:77,31,0,3
BRDA:77,31,1,1
BRDA:85,32,0,0
BRDA:85,32,1,1
BRF:65
BRH:48
end_of_record
